0 info it worked if it ends with ok
1 verbose cli [ '/opt/local/bin/node',
1 verbose cli   '/opt/local/bin/npm',
1 verbose cli   'install',
1 verbose cli   'newrelic--save' ]
2 info using npm@1.3.26
3 info using node@v0.10.25
4 warn package.json http@0.0.0 http is also the name of a node core module.
5 warn package.json http@0.0.0 No description
6 warn package.json http@0.0.0 No repository field.
7 warn package.json path@0.4.9 path is also the name of a node core module.
8 verbose readDependencies using package.json deps
9 verbose cache add [ 'newrelic--save', null ]
10 verbose cache add name=undefined spec="newrelic--save" args=["newrelic--save",null]
11 verbose parsed url { protocol: null,
11 verbose parsed url   slashes: null,
11 verbose parsed url   auth: null,
11 verbose parsed url   host: null,
11 verbose parsed url   port: null,
11 verbose parsed url   hostname: null,
11 verbose parsed url   hash: null,
11 verbose parsed url   search: null,
11 verbose parsed url   query: null,
11 verbose parsed url   pathname: 'newrelic--save',
11 verbose parsed url   path: 'newrelic--save',
11 verbose parsed url   href: 'newrelic--save' }
12 silly lockFile a9ac7900-newrelic-save newrelic--save
13 verbose lock newrelic--save /Users/yoshigillaspie/.npm/a9ac7900-newrelic-save.lock
14 silly lockFile a9ac7900-newrelic-save newrelic--save
15 silly lockFile a9ac7900-newrelic-save newrelic--save
16 verbose addNamed [ 'newrelic--save', '' ]
17 verbose addNamed [ null, '*' ]
18 silly lockFile 757e1f13-newrelic-save newrelic--save@
19 verbose lock newrelic--save@ /Users/yoshigillaspie/.npm/757e1f13-newrelic-save.lock
20 silly addNameRange { name: 'newrelic--save', range: '*', hasData: false }
21 verbose url raw newrelic--save
22 verbose url resolving [ 'https://registry.npmjs.org/', './newrelic--save' ]
23 verbose url resolved https://registry.npmjs.org/newrelic--save
24 info trying registry request attempt 1 at 21:43:24
25 http GET https://registry.npmjs.org/newrelic--save
26 http 404 https://registry.npmjs.org/newrelic--save
27 silly registry.get cb [ 404,
27 silly registry.get   { date: 'Fri, 04 Apr 2014 04:43:25 GMT',
27 silly registry.get     server: 'CouchDB/1.5.0 (Erlang OTP/R14B04)',
27 silly registry.get     'content-type': 'application/json',
27 silly registry.get     via: '1.1 varnish',
27 silly registry.get     'cache-control': 'max-age=0',
27 silly registry.get     'content-length': '52',
27 silly registry.get     'accept-ranges': 'bytes',
27 silly registry.get     age: '0',
27 silly registry.get     'x-served-by': 'cache-v42-ASH, cache-lax1420-LAX',
27 silly registry.get     'x-cache': 'MISS, MISS',
27 silly registry.get     'x-cache-hits': '0, 0',
27 silly registry.get     'x-timer': 'S1396586605.038704157,VS0,VS41,VE49,VE81',
27 silly registry.get     'keep-alive': 'timeout=10, max=50',
27 silly registry.get     connection: 'Keep-Alive' } ]
28 silly lockFile 757e1f13-newrelic-save newrelic--save@
29 silly lockFile 757e1f13-newrelic-save newrelic--save@
30 error 404 'newrelic--save' is not in the npm registry.
30 error 404 You should bug the author to publish it
30 error 404 It was specified as a dependency of 'my_chat_app'
30 error 404
30 error 404 Note that you can also install from a
30 error 404 tarball, folder, or http url, or git url.
31 error System Darwin 10.8.0
32 error command "/opt/local/bin/node" "/opt/local/bin/npm" "install" "newrelic--save"
33 error cwd /Users/yoshigillaspie/Desktop/The-Hotel-Chat
34 error node -v v0.10.25
35 error npm -v 1.3.26
36 error code E404
37 verbose exit [ 1, true ]
